  [1m[35m (28.4ms)[0m  [1m[35mCREATE TABLE "schema_migrations" ("version" varchar NOT NULL PRIMARY KEY)[0m
  [1m[35m (8.3ms)[0m  [1m[35mCREATE TABLE "ar_internal_metadata" ("key" varchar NOT NULL PRIMARY KEY, "value" varchar, "created_at" datetime NOT NULL, "updated_at" datetime NOT NULL)[0m
  [1m[36mActiveRecord::SchemaMigration Load (0.2ms)[0m  [1m[34mSELECT "schema_migrations".* FROM "schema_migrations"[0m
Migrating to CreateCustomers (20170228113115)
  [1m[35m (0.1ms)[0m  [1m[36mbegin transaction[0m
  [1m[35m (2.7ms)[0m  [1m[35mCREATE TABLE "customers" ("id" INTEGER PRIMARY KEY AUTOINCREMENT NOT NULL, "name" varchar, "street" varchar, "city" varchar, "plz" varchar, "tel" varchar, "email" varchar, "dse" boolean, "created_at" datetime NOT NULL, "updated_at" datetime NOT NULL)[0m
  [1m[35mSQL (0.5ms)[0m  [1m[32mINSERT INTO "schema_migrations" ("version") VALUES (?)[0m  [["version", "20170228113115"]]
  [1m[35m (5.1ms)[0m  [1m[36mcommit transaction[0m
  [1m[36mActiveRecord::InternalMetadata Load (0.2ms)[0m  [1m[34mSELECT  "ar_internal_metadata".* FROM "ar_internal_metadata" WHERE "ar_internal_metadata"."key" = ? LIMIT ?[0m  [["key", :environment], ["LIMIT", 1]]
  [1m[35m (0.2ms)[0m  [1m[36mbegin transaction[0m
  [1m[35mSQL (1.5ms)[0m  [1m[32mINSERT INTO "ar_internal_metadata" ("key", "value", "created_at", "updated_at") VALUES (?, ?, ?, ?)[0m  [["key", "environment"], ["value", "development"], ["created_at", 2017-02-28 11:31:51 UTC], ["updated_at", 2017-02-28 11:31:51 UTC]]
  [1m[35m (3.7ms)[0m  [1m[36mcommit transaction[0m
  [1m[36mActiveRecord::SchemaMigration Load (0.2ms)[0m  [1m[34mSELECT "schema_migrations".* FROM "schema_migrations"[0m
Started GET "/" for 127.0.0.1 at 2017-02-28 12:37:31 +0100
  [1m[36mActiveRecord::SchemaMigration Load (0.2ms)[0m  [1m[34mSELECT "schema_migrations".* FROM "schema_migrations"[0m
Processing by CustomersController#index as HTML
  Rendering customers/index.html.erb within layouts/application
  [1m[36mCustomer Load (0.2ms)[0m  [1m[34mSELECT "customers".* FROM "customers"[0m
  Rendered customers/index.html.erb within layouts/application (24.0ms)
Completed 200 OK in 1399ms (Views: 1365.0ms | ActiveRecord: 0.5ms)


Started GET "/customers/new" for 127.0.0.1 at 2017-02-28 12:37:40 +0100
Processing by CustomersController#new as HTML
  Rendering customers/new.html.erb within layouts/application
  Rendered customers/_form.html.erb (242.4ms)
  Rendered customers/new.html.erb within layouts/application (245.1ms)
Completed 200 OK in 361ms (Views: 331.9ms | ActiveRecord: 0.7ms)


Started GET "/customers/new" for 127.0.0.1 at 2017-02-28 12:43:30 +0100
Processing by CustomersController#new as HTML
  Rendering customers/new.html.erb within layouts/application
  Rendered customers/_form.html.erb (19.4ms)
  Rendered customers/new.html.erb within layouts/application (26.0ms)
  Rendered layouts/_nav_bar.html.erb (0.6ms)
Completed 200 OK in 111ms (Views: 107.3ms | ActiveRecord: 0.0ms)


Started GET "/customers/new" for 127.0.0.1 at 2017-02-28 12:43:33 +0100
Processing by CustomersController#new as HTML
  Rendering customers/new.html.erb within layouts/application
  Rendered customers/_form.html.erb (11.8ms)
  Rendered customers/new.html.erb within layouts/application (19.2ms)
  Rendered layouts/_nav_bar.html.erb (0.4ms)
Completed 200 OK in 153ms (Views: 147.6ms | ActiveRecord: 0.0ms)


Started GET "/customers/new" for 127.0.0.1 at 2017-02-28 12:43:40 +0100
Processing by CustomersController#new as HTML
  Rendering customers/new.html.erb within layouts/application
  Rendered customers/_form.html.erb (12.7ms)
  Rendered customers/new.html.erb within layouts/application (18.4ms)
  Rendered layouts/_nav_bar.html.erb (2.4ms)
Completed 200 OK in 87ms (Views: 85.6ms | ActiveRecord: 0.0ms)


Started GET "/" for 127.0.0.1 at 2017-02-28 12:49:01 +0100
Processing by CustomersController#index as HTML
  Rendering customers/index.html.erb within layouts/application
  [1m[36mCustomer Load (1.0ms)[0m  [1m[34mSELECT "customers".* FROM "customers"[0m
  Rendered customers/index.html.erb within layouts/application (9.1ms)
  Rendered layouts/_nav_bar.html.erb (0.5ms)
Completed 200 OK in 73ms (Views: 70.1ms | ActiveRecord: 1.0ms)


Started GET "/" for 127.0.0.1 at 2017-02-28 12:58:25 +0100
Processing by CustomersController#index as HTML
  Rendering customers/index.html.erb within layouts/application
  [1m[36mCustomer Load (5.3ms)[0m  [1m[34mSELECT "customers".* FROM "customers"[0m
  Rendered customers/index.html.erb within layouts/application (8.5ms)
  Rendered layouts/_nav_bar.html.erb (0.4ms)
Completed 200 OK in 90ms (Views: 82.7ms | ActiveRecord: 5.3ms)


Started GET "/" for 127.0.0.1 at 2017-02-28 12:58:29 +0100
Processing by CustomersController#index as HTML
  Rendering customers/index.html.erb within layouts/application
  [1m[36mCustomer Load (2.7ms)[0m  [1m[34mSELECT "customers".* FROM "customers"[0m
  Rendered customers/index.html.erb within layouts/application (4.3ms)
  Rendered layouts/_nav_bar.html.erb (0.8ms)
Completed 200 OK in 85ms (Views: 81.3ms | ActiveRecord: 2.7ms)


Started GET "/" for 127.0.0.1 at 2017-02-28 12:58:30 +0100
Processing by CustomersController#index as HTML
  Rendering customers/index.html.erb within layouts/application
  [1m[36mCustomer Load (0.3ms)[0m  [1m[34mSELECT "customers".* FROM "customers"[0m
  Rendered customers/index.html.erb within layouts/application (4.0ms)
  Rendered layouts/_nav_bar.html.erb (0.4ms)
Completed 200 OK in 118ms (Views: 116.2ms | ActiveRecord: 0.3ms)


Started GET "/" for 127.0.0.1 at 2017-02-28 12:58:39 +0100
Processing by CustomersController#index as HTML
  Rendering customers/index.html.erb within layouts/application
  [1m[36mCustomer Load (0.4ms)[0m  [1m[34mSELECT "customers".* FROM "customers"[0m
  Rendered customers/index.html.erb within layouts/application (2.6ms)
  Rendered layouts/_nav_bar.html.erb (0.4ms)
Completed 200 OK in 76ms (Views: 74.0ms | ActiveRecord: 0.4ms)


Started GET "/" for 127.0.0.1 at 2017-02-28 12:58:57 +0100
Processing by CustomersController#index as HTML
  Rendering customers/index.html.erb within layouts/application
  [1m[36mCustomer Load (0.2ms)[0m  [1m[34mSELECT "customers".* FROM "customers"[0m
  Rendered customers/index.html.erb within layouts/application (6.2ms)
  Rendered layouts/_nav_bar.html.erb (0.4ms)
Completed 200 OK in 111ms (Views: 109.1ms | ActiveRecord: 0.2ms)


Started GET "/customers/new" for 127.0.0.1 at 2017-02-28 12:59:04 +0100
Processing by CustomersController#new as HTML
  Rendering customers/new.html.erb within layouts/application
  Rendered customers/_form.html.erb (11.8ms)
  Rendered customers/new.html.erb within layouts/application (16.3ms)
  Rendered layouts/_nav_bar.html.erb (0.4ms)
Completed 200 OK in 117ms (Views: 114.4ms | ActiveRecord: 0.0ms)


Started GET "/customers/new" for 127.0.0.1 at 2017-02-28 13:00:34 +0100
Processing by CustomersController#new as HTML
  Rendering customers/new.html.erb within layouts/application
  Rendered customers/_form.html.erb (7.6ms)
  Rendered customers/new.html.erb within layouts/application (9.3ms)
  Rendered layouts/_nav_bar.html.erb (0.4ms)
Completed 200 OK in 115ms (Views: 111.7ms | ActiveRecord: 0.0ms)


Started GET "/customers/new" for 127.0.0.1 at 2017-02-28 13:01:42 +0100
Processing by CustomersController#new as HTML
  Rendering customers/new.html.erb within layouts/application
  Rendered customers/_form.html.erb (5.8ms)
  Rendered customers/new.html.erb within layouts/application (7.2ms)
  Rendered layouts/_nav_bar.html.erb (0.4ms)
Completed 200 OK in 161ms (Views: 159.4ms | ActiveRecord: 0.0ms)


Started GET "/customers/new" for 127.0.0.1 at 2017-02-28 13:03:39 +0100
Processing by CustomersController#new as HTML
  Rendering customers/new.html.erb within layouts/application
  Rendered customers/_form.html.erb (20.2ms)
  Rendered customers/new.html.erb within layouts/application (23.8ms)
  Rendered layouts/_nav_bar.html.erb (0.4ms)
Completed 200 OK in 190ms (Views: 188.6ms | ActiveRecord: 0.0ms)


Started POST "/customers" for 127.0.0.1 at 2017-02-28 13:09:32 +0100
Processing by CustomersController#create as HTML
  Parameters: {"utf8"=>"✓", "authenticity_token"=>"4M/e8DQmbtzx6HtqP49sbckR/cLgRbaytapo1WQpOF/Ym5vWvhMLCavSD0Ar07deRzccuZwlmK1Sy/ytQy+dRA==", "customer"=>{"name"=>"Herbert Meier", "street"=>"Am Teich 45", "city"=>"Reinbek", "plz"=>"21041", "tel"=>"040/43658282", "email"=>"hmeierweb.de", "dse"=>"1"}, "commit"=>"Create Customer"}
  [1m[35m (0.2ms)[0m  [1m[36mbegin transaction[0m
  [1m[36mCustomer Exists (0.3ms)[0m  [1m[34mSELECT  1 AS one FROM "customers" WHERE LOWER("customers"."email") = LOWER(?) LIMIT ?[0m  [["email", "hmeierweb.de"], ["LIMIT", 1]]
  [1m[35m (0.3ms)[0m  [1m[31mrollback transaction[0m
  Rendering customers/new.html.erb within layouts/application
  Rendered customers/_form.html.erb (10.2ms)
  Rendered customers/new.html.erb within layouts/application (12.7ms)
  Rendered layouts/_nav_bar.html.erb (0.4ms)
Completed 200 OK in 406ms (Views: 76.0ms | ActiveRecord: 3.0ms)


Started POST "/customers" for 127.0.0.1 at 2017-02-28 13:09:44 +0100
Processing by CustomersController#create as HTML
  Parameters: {"utf8"=>"✓", "authenticity_token"=>"Pg1g90g6+oxuL7z3/cWveLob/O4DLkKWdbaG1Xq8UtwGWSXRwg+fWTQVyN3pmXRLND0dlX9ObImS1xKtXbr3xw==", "customer"=>{"name"=>"Herbert Meier", "street"=>"Am Teich 45", "city"=>"Reinbek", "plz"=>"21041", "tel"=>"040/43658282", "email"=>"hmeier@web.de", "dse"=>"1"}, "commit"=>"Create Customer"}
  [1m[35m (0.1ms)[0m  [1m[36mbegin transaction[0m
  [1m[36mCustomer Exists (0.2ms)[0m  [1m[34mSELECT  1 AS one FROM "customers" WHERE LOWER("customers"."email") = LOWER(?) LIMIT ?[0m  [["email", "hmeier@web.de"], ["LIMIT", 1]]
  [1m[35mSQL (2.8ms)[0m  [1m[32mINSERT INTO "customers" ("name", "street", "city", "plz", "tel", "email", "dse", "created_at", "updated_at") VALUES (?, ?, ?, ?, ?, ?, ?, ?, ?)[0m  [["name", "Herbert Meier"], ["street", "Am Teich 45"], ["city", "Reinbek"], ["plz", "21041"], ["tel", "040/43658282"], ["email", "hmeier@web.de"], ["dse", true], ["created_at", 2017-02-28 12:09:44 UTC], ["updated_at", 2017-02-28 12:09:44 UTC]]
  [1m[35m (8.7ms)[0m  [1m[36mcommit transaction[0m
Redirected to http://localhost:3000/customers/1
Completed 302 Found in 25ms (ActiveRecord: 11.8ms)


Started GET "/customers/1" for 127.0.0.1 at 2017-02-28 13:09:45 +0100
Processing by CustomersController#show as HTML
  Parameters: {"id"=>"1"}
  [1m[36mCustomer Load (0.2ms)[0m  [1m[34mSELECT  "customers".* FROM "customers" WHERE "customers"."id" = ? LIMIT ?[0m  [["id", 1], ["LIMIT", 1]]
  Rendering customers/show.html.erb within layouts/application
  Rendered customers/show.html.erb within layouts/application (3.1ms)
  Rendered layouts/_nav_bar.html.erb (0.4ms)
Completed 200 OK in 122ms (Views: 73.4ms | ActiveRecord: 0.2ms)


Started GET "/customers" for 127.0.0.1 at 2017-02-28 13:09:49 +0100
Processing by CustomersController#index as HTML
  Rendering customers/index.html.erb within layouts/application
  [1m[36mCustomer Load (0.2ms)[0m  [1m[34mSELECT "customers".* FROM "customers"[0m
  Rendered customers/index.html.erb within layouts/application (6.3ms)
  Rendered layouts/_nav_bar.html.erb (2.5ms)
Completed 200 OK in 96ms (Views: 91.5ms | ActiveRecord: 0.2ms)


  [1m[36mCustomer Load (0.7ms)[0m  [1m[34mSELECT  "customers".* FROM "customers" ORDER BY "customers"."id" ASC LIMIT ?[0m  [["LIMIT", 1]]
  [1m[36mCustomer Load (0.3ms)[0m  [1m[34mSELECT  "customers".* FROM "customers" ORDER BY "customers"."id" ASC LIMIT ?[0m  [["LIMIT", 1]]
Started GET "/" for 127.0.0.1 at 2017-04-10 08:05:46 +0200
  [1m[36mActiveRecord::SchemaMigration Load (0.2ms)[0m  [1m[34mSELECT "schema_migrations".* FROM "schema_migrations"[0m
Processing by CustomersController#index as HTML
  Rendering customers/index.html.erb within layouts/application
  [1m[36mCustomer Load (0.2ms)[0m  [1m[34mSELECT "customers".* FROM "customers"[0m
  Rendered customers/index.html.erb within layouts/application (61.7ms)
  Rendered layouts/_nav_bar.html.erb (1.2ms)
Completed 200 OK in 1149ms (Views: 1070.8ms | ActiveRecord: 0.9ms)


